2025-09-30 12:16:54 - Invalid JSON in users.json: /var/www/html/pinger/operators/users.json
2025-09-30 12:17:48 - Invalid JSON in users.json: /var/www/html/pinger/operators/users.json
2025-09-30 12:22:30 - Operator ID required for delete_operator
2025-09-30 12:24:46 - Operator ID required for delete_operator
2025-09-30 12:26:00 - Operator ID required for delete_operator
2025-09-30 12:27:37 - Operator ID required for delete_operator
2025-09-30 13:39:57 - File not found: /var/www/html/pinger/icons/mainlogo.png
2025-09-30 13:40:29 - File not found: /var/www/html/pinger/icons/mainlogo.png
2025-09-30 13:40:41 - Directory and file required for get_file
2025-09-30 13:41:51 - File not found: /var/www/html/pinger/icons/mainlogo.png
2025-09-30 13:41:58 - Directory and file required for get_file
2025-09-30 13:45:15 - get_file called with dir: 'icons', file: 'mainlogo.png'
2025-09-30 13:45:15 - File not found: /var/www/html/pinger/icons/mainlogo.png
2025-09-30 13:45:43 - get_file called with dir: '', file: ''
2025-09-30 13:45:43 - Directory and file required for get_file
2025-09-30 13:46:54 - get_file called with dir: 'icons', file: 'mainlogo.png'
2025-09-30 13:48:18 - get_file called with dir: 'icons', file: 'mainlogo.png'
2025-09-30 13:49:13 - get_file called with dir: 'icons', file: 'mainlogo.png'
[2025-10-01 13:19:07] get_file вызван с dir: 'icons', file: 'mainlogo.png'
[2025-10-01 13:19:07] Безопасный путь: /var/www/html/pinger/icons/mainlogo.png
[2025-10-01 13:19:07] Тип MIME: image/png
[2025-10-01 13:19:08] Карта не найдена: 
[2025-10-01 13:20:47] Карта не найдена: 
[2025-10-01 14:08:30] get_file вызван с dir: 'lists', file: 'mngmtvlan.json'
[2025-10-01 14:08:30] Безопасный путь: /var/www/html/pinger/lists/mngmtvlan.json
[2025-10-01 14:08:30] Тип MIME: application/x-empty
[2025-10-01 14:09:08] get_file вызван с dir: 'lists', file: 'mngmtvlan.json'
[2025-10-01 14:09:08] Безопасный путь: /var/www/html/pinger/lists/mngmtvlan.json
[2025-10-01 14:09:08] Тип MIME: application/x-empty
[2025-10-01 14:45:52] get_file вызван с dir: 'icons', file: 'mainlogo.png'
[2025-10-01 14:45:52] Безопасный путь: /var/www/html/pinger/icons/mainlogo.png
[2025-10-01 14:45:52] Тип MIME: image/png
[2025-10-01 14:45:57] get_file вызван с dir: 'lists', file: 'mngmtvlan.json'
[2025-10-01 14:45:57] Безопасный путь: /var/www/html/pinger/lists/mngmtvlan.json
[2025-10-01 14:45:57] Тип MIME: application/x-empty
[2025-10-01 14:48:08] get_file вызван с dir: 'lists', file: 'mngmtvlan.json'
[2025-10-01 14:48:08] Безопасный путь: /var/www/html/pinger/lists/mngmtvlan.json
[2025-10-01 14:48:08] Тип MIME: application/x-empty
[2025-10-01 14:49:37] get_file вызван с dir: 'lists', file: 'mngmtvlan.json'
[2025-10-01 14:49:37] Безопасный путь: /var/www/html/pinger/lists/mngmtvlan.json
[2025-10-01 14:49:37] Тип MIME: application/x-empty
[2025-10-01 14:49:44] get_file вызван с dir: 'lists', file: 'mngmtvlan.json'
[2025-10-01 14:49:44] Безопасный путь: /var/www/html/pinger/lists/mngmtvlan.json
[2025-10-01 14:49:44] Тип MIME: application/x-empty
[2025-10-01 14:51:42] get_file вызван с dir: 'lists', file: 'mngmtvlan.json'
[2025-10-01 14:51:42] Безопасный путь: /var/www/html/pinger/lists/mngmtvlan.json
[2025-10-01 14:51:42] Тип MIME: application/json
[2025-10-01 14:56:56] get_file вызван с dir: 'lists', file: 'mngmtvlan.json'
[2025-10-01 14:56:56] Безопасный путь: /var/www/html/pinger/lists/mngmtvlan.json
[2025-10-01 14:56:56] Тип MIME: application/json
[2025-10-01 14:57:27] Неизвестное действие: save_file
[2025-10-01 14:58:08] get_file вызван с dir: 'lists', file: 'mngmtvlan.json'
[2025-10-01 14:58:08] Безопасный путь: /var/www/html/pinger/lists/mngmtvlan.json
[2025-10-01 14:58:08] Тип MIME: application/json
[2025-10-01 14:59:26] Неизвестное действие: save_file
[2025-10-01 15:01:03] Неизвестное действие: save_file
[2025-10-01 17:14:36] Неизвестное действие: save_file
[2025-10-01 17:14:57] Неизвестное действие: save_file
[2025-10-01 19:09:56] get_file вызван с dir: 'icons', file: 'mainlogo.png'
[2025-10-01 19:09:56] Безопасный путь: /var/www/html/pinger/icons/mainlogo.png
[2025-10-01 19:09:56] Тип MIME: image/png
[2025-10-01 19:10:10] get_file вызван с dir: 'lists', file: 'mngmtvlan.json'
[2025-10-01 19:10:10] Безопасный путь: /var/www/html/pinger/lists/mngmtvlan.json
[2025-10-01 19:10:10] Тип MIME: application/json
[2025-10-01 19:10:21] Неизвестное действие: save_file
[2025-10-01 19:11:07] Неизвестное действие: save_file
[2025-10-01 19:13:49] Неизвестное действие: load_map
[2025-10-01 19:13:52] Неизвестное действие: load_map
[2025-10-01 19:14:35] get_file вызван с dir: 'images', file: 'model_68dce9a2da5fe.jpg'
[2025-10-01 19:14:35] Безопасный путь: /var/www/html/pinger/images/model_68dce9a2da5fe.jpg
[2025-10-01 19:14:35] Тип MIME: image/jpeg
[2025-10-01 19:14:48] get_file вызван с dir: 'lists', file: 'mngmtvlan.json'
[2025-10-01 19:14:48] Безопасный путь: /var/www/html/pinger/lists/mngmtvlan.json
[2025-10-01 19:14:48] Тип MIME: application/json
[2025-10-01 19:14:59] Неизвестное действие: save_file
[2025-10-01 19:15:29] Неизвестное действие: load_map
[2025-10-01 19:15:30] Неизвестное действие: load_map
[2025-10-01 19:15:31] Неизвестное действие: load_map
[2025-10-01 19:15:39] Неизвестное действие: load_map
[2025-10-01 19:15:41] Неизвестное действие: load_map
[2025-10-01 19:15:41] Неизвестное действие: load_map
[2025-10-01 19:16:15] get_file вызван с dir: 'images', file: 'model_68dce9a2da5fe.jpg'
[2025-10-01 19:16:15] Безопасный путь: /var/www/html/pinger/images/model_68dce9a2da5fe.jpg
[2025-10-01 19:16:15] Тип MIME: image/jpeg
[2025-10-01 19:16:22] get_file вызван с dir: 'lists', file: 'mngmtvlan.json'
[2025-10-01 19:16:22] Безопасный путь: /var/www/html/pinger/lists/mngmtvlan.json
[2025-10-01 19:16:22] Тип MIME: application/json
[2025-10-02 05:19:28] get_file вызван с dir: 'icons', file: 'mainlogo.png'
[2025-10-02 05:19:28] Безопасный путь: /var/www/html/pinger/icons/mainlogo.png
[2025-10-02 05:19:28] Тип MIME: image/png
[2025-10-02 05:20:03] get_file вызван с dir: 'lists', file: 'mngmtvlan.json'
[2025-10-02 05:20:03] Безопасный путь: /var/www/html/pinger/lists/mngmtvlan.json
[2025-10-02 05:20:03] Тип MIME: application/json
[2025-10-02 05:20:12] Неизвестное действие: save_file
[2025-10-02 07:05:30] get_file вызван с dir: 'icons', file: 'mainlogo.png'
[2025-10-02 07:05:30] Безопасный путь: /var/www/html/pinger/icons/mainlogo.png
[2025-10-02 07:05:30] Тип MIME: image/png
[2025-10-02 07:25:57] Неизвестное действие: load_map
[2025-10-02 07:25:58] Неизвестное действие: load_map
[2025-10-02 07:25:59] Неизвестное действие: load_map
[2025-10-02 07:26:11] Неизвестное действие: load_map
[2025-10-02 07:26:21] Неизвестное действие: load_map
[2025-10-02 07:26:23] Неизвестное действие: load_map
[2025-10-02 07:26:27] Неизвестное действие: load_map
[2025-10-02 07:31:33] get_file вызван с dir: 'lists', file: 'mngmtvlan.json'
[2025-10-02 07:31:33] Безопасный путь: /var/www/html/pinger/lists/mngmtvlan.json
[2025-10-02 07:31:33] Тип MIME: application/json
[2025-10-02 07:31:41] save_file вызван с dir: 'lists', file: 'mngmtvlan.json'
[2025-10-02 07:31:41] Безопасный путь: /var/www/html/pinger/lists/mngmtvlan.json
[2025-10-02 07:31:41] Файл успешно сохранён: /var/www/html/pinger/lists/mngmtvlan.json
[2025-10-02 07:53:21] get_file вызван с dir: 'lists', file: 'mngmtvlan.json'
[2025-10-02 07:53:21] Безопасный путь: /var/www/html/pinger/lists/mngmtvlan.json
[2025-10-02 07:53:21] Тип MIME: application/json
[2025-10-02 09:39:49] get_file вызван с dir: 'icons', file: 'mainlogo.png'
[2025-10-02 09:39:49] Безопасный путь: /var/www/html/pinger/icons/mainlogo.png
[2025-10-02 09:39:49] Тип MIME: image/png
[2025-10-02 09:40:03] Неверный JSON в groups.json: /var/www/html/pinger/operators/groups.json
[2025-10-02 09:41:56] Неверный JSON в groups.json: /var/www/html/pinger/operators/groups.json
[2025-10-02 09:43:54] Неверный JSON в groups.json: /var/www/html/pinger/operators/groups.json
[2025-10-02 09:47:13] Неверный JSON в groups.json: /var/www/html/pinger/operators/groups.json
[2025-10-02 09:49:59] Неверный JSON в groups.json: /var/www/html/pinger/operators/groups.json
[2025-10-02 09:50:56] Неверный JSON в groups.json: /var/www/html/pinger/operators/groups.json
[2025-10-02 09:52:12] Неверный JSON в groups.json: /var/www/html/pinger/operators/groups.json
[2025-10-02 09:52:38] Неверный JSON в groups.json: /var/www/html/pinger/operators/groups.json
[2025-10-02 09:53:28] Неверный JSON в groups.json: /var/www/html/pinger/operators/groups.json
[2025-10-02 09:57:56] Неверный JSON в groups.json: /var/www/html/pinger/operators/groups.json
[2025-10-02 09:58:59] Неверный JSON в groups.json: /var/www/html/pinger/operators/groups.json
[2025-10-02 09:59:59] Неверный JSON в groups.json: /var/www/html/pinger/operators/groups.json
[2025-10-02 10:05:22] Неверный JSON в groups.json: /var/www/html/pinger/operators/groups.json
[2025-10-02 10:11:33] Неверный JSON в groups.json: /var/www/html/pinger/operators/groups.json
[2025-10-02 10:11:58] Неверный JSON в groups.json: /var/www/html/pinger/operators/groups.json
[2025-10-02 10:12:02] Неверный JSON в groups.json: /var/www/html/pinger/operators/groups.json
[2025-10-02 10:14:00] Группа сохранена: 1759400036003
[2025-10-02 10:17:29] get_file вызван с dir: 'icons', file: 'mainlogo.png'
[2025-10-02 10:17:29] Безопасный путь: /var/www/html/pinger/icons/mainlogo.png
[2025-10-02 10:17:29] Тип MIME: image/png
[2025-10-02 10:18:55] Карта успешно сохранена: /var/www/html/pinger/maps/map.json
[2025-10-02 10:20:40] get_file вызван с dir: 'lists', file: 'mngmtvlan.json'
[2025-10-02 10:20:40] Безопасный путь: /var/www/html/pinger/lists/mngmtvlan.json
[2025-10-02 10:20:40] Тип MIME: application/json
[2025-10-02 10:21:33] Карта успешно сохранена: /var/www/html/pinger/maps/Мордор.json
[2025-10-02 10:23:21] get_file вызван с dir: 'lists', file: 'mngmtvlan.json'
[2025-10-02 10:23:21] Безопасный путь: /var/www/html/pinger/lists/mngmtvlan.json
[2025-10-02 10:23:21] Тип MIME: application/json
[2025-10-02 10:23:26] save_file вызван с dir: 'lists', file: 'mngmtvlan.json'
[2025-10-02 10:23:26] Безопасный путь: /var/www/html/pinger/lists/mngmtvlan.json
[2025-10-02 10:23:26] Файл успешно сохранён: /var/www/html/pinger/lists/mngmtvlan.json
